<?xml version="1.0" encoding="utf-8"?><testsuites name="pytest tests"><testsuite name="pytest" errors="0" failures="0" skipped="0" tests="7" time="0.878" timestamp="2026-09-06T13:30:10.507333+00:00" hostname="agent-env-d9a20003-3384-43d9-b17e-57f7b71d545a"><testcase classname="tests.test_sasha_band_api.TestTrackingSessions" name="test_clear_first" time="0.250" /><testcase classname="tests.test_sasha_band_api.TestRoot" name="test_root" time="0.269" /><testcase classname="tests.test_sasha_band_api.TestTrackingSessions" name="test_save_session" time="0.079" /><testcase classname="tests.test_sasha_band_api.TestTelemetry" name="test_telemetry" time="0.103" /><testcase classname="tests.test_sasha_band_api.TestTrackingSessions" name="test_get_sessions" time="0.114" /><testcase classname="tests.test_sasha_band_api.TestInsights" name="test_insights" time="0.066" /><testcase classname="tests.test_sasha_band_api.TestTrackingSessions" name="test_delete_sessions" time="0.130" /></testsuite></testsuites>